--------------------------------------------|----------|----------|----------|----------|-------------------|
File                                        |  % Stmts | % Branch |  % Funcs |  % Lines | Uncovered Line #s |
--------------------------------------------|----------|----------|----------|----------|-------------------|
All files                                   |       50 |     59.4 |    52.12 |    49.96 |                   |
 js                                         |        0 |        0 |        0 |        0 |                   |
  app.jsx                                   |        0 |      100 |        0 |        0 |... 40,41,42,43,46 |
  watch.js                                  |        0 |        0 |        0 |        0 |... 27,28,31,32,33 |
 js/components                              |      100 |    85.71 |      100 |      100 |                   |
  actions.js                                |      100 |      100 |      100 |      100 |                   |
  store.jsx                                 |      100 |    85.71 |      100 |      100 |                24 |
 js/components/Consonant                    |    84.68 |    75.98 |    83.33 |    86.06 |                   |
  Bookmarks.jsx                             |      100 |      100 |      100 |      100 |                   |
  Card.jsx                                  |      100 |      100 |      100 |      100 |                   |
  Collection.jsx                            |    89.47 |    85.71 |      100 |    88.24 |             38,42 |
  FilterItem.jsx                            |    93.75 |       88 |    83.33 |    92.86 |           112,113 |
  FiltersInfo.jsx                           |      100 |      100 |      100 |      100 |                   |
  FiltersPanel.jsx                          |        0 |        0 |        0 |        0 |... 05,119,175,201 |
  Header.jsx                                |      100 |      100 |      100 |      100 |                   |
  LoadMore.jsx                              |      100 |      100 |      100 |      100 |                   |
  Loader.jsx                                |      100 |      100 |      100 |      100 |                   |
  Pagination.jsx                            |    97.78 |    92.59 |      100 |      100 |                39 |
  Search.jsx                                |      100 |      100 |      100 |      100 |                   |
  SearchIco.jsx                             |      100 |      100 |      100 |      100 |                   |
  Select.jsx                                |      100 |      100 |      100 |      100 |                   |
  Tooltip.jsx                               |      100 |      100 |      100 |      100 |                   |
 js/components/Consonant/Cards              |    71.88 |       46 |       50 |    78.57 |                   |
  ThreeFourth.jsx                           |       60 |        0 |        0 |       60 |             16,18 |
  OneHalf.jsx                               |    77.27 |    76.67 |       75 |    88.89 |             31,32 |
  Full.jsx                                  |       60 |        0 |        0 |       60 |             16,18 |
 js/components/Consonant/Filters/left       |    87.27 |    71.43 |    84.21 |     87.5 |                   |
  ChosenItem.jsx                            |      100 |      100 |      100 |      100 |                   |
  Item.jsx                                  |       75 |       50 |    66.67 |    73.91 | 19,20,23,26,27,98 |
  Panel.jsx                                 |       96 |    84.62 |      100 |      100 |       25,57,70,81 |
 js/components/Consonant/Filters/top        |    85.45 |    83.33 |    81.82 |    86.96 |                   |
  Item.jsx                                  |    75.86 |    68.75 |    63.64 |    76.92 | 19,22,23,26,27,86 |
  Panel.jsx                                 |    96.15 |    88.64 |      100 |      100 |    29,31,34,90,94 |
 js/components/ConsonantCardCollection      |        0 |        0 |        0 |        0 |                   |
  Card.jsx                                  |        0 |      100 |        0 |        0 |      1,2,4,7,9,28 |
  Collection.jsx                            |        0 |        0 |        0 |        0 | 1,2,5,33,36,42,44 |
 js/components/ConsonantFiltersPanel        |        0 |        0 |        0 |        0 |                   |
  FilterItem.jsx                            |        0 |        0 |        0 |        0 |... 42,44,49,80,90 |
  FiltersPanel.jsx                          |        0 |        0 |        0 |        0 |... 62,363,375,394 |
  SelectedFilter.jsx                        |        0 |      100 |        0 |        0 |1,2,4,7,9,10,13,24 |
 js/components/ConsonantHeader              |        0 |      100 |        0 |        0 |                   |
  ConsonantHeader.jsx                       |        0 |      100 |        0 |        0 |               1,3 |
 js/components/ConsonantPagination          |        0 |      100 |        0 |        0 |                   |
  ConsonantPagination.jsx                   |        0 |      100 |        0 |        0 |               1,3 |
 js/components/ConsonantSearch              |        0 |        0 |        0 |        0 |                   |
  ConsonantSearch.jsx                       |        0 |        0 |        0 |        0 |... 10,11,14,39,45 |
 js/components/ConsonantSelect              |        0 |        0 |        0 |        0 |                   |
  ConsonantSelect.jsx                       |        0 |        0 |        0 |        0 |... ,8,11,13,20,39 |
 js/components/CreateCardCollection         |        0 |        0 |        0 |        0 |                   |
  Card.jsx                                  |        0 |      100 |        0 |        0 |  2,3,7,8,19,35,42 |
  Collection.jsx                            |        0 |        0 |        0 |        0 |... 33,156,162,171 |
  DAO.jsx                                   |        0 |        0 |        0 |        0 |... 37,38,39,41,42 |
 js/components/CreateSearch                 |    78.43 |    68.75 |    70.59 |       80 |                   |
  Card.jsx                                  |      100 |      100 |      100 |      100 |                   |
  DAO.jsx                                   |      100 |      100 |      100 |      100 |                   |
  Search.jsx                                |    71.79 |       50 |    61.54 |    73.68 |... ,88,98,100,104 |
 js/components/FeaturedCard                 |        0 |      100 |        0 |        0 |                   |
  FeaturedCard.jsx                          |        0 |      100 |        0 |        0 |             1,3,7 |
 js/components/GlobalNavigation             |        0 |      100 |        0 |        0 |                   |
  GlobalNavigation.jsx                      |        0 |      100 |        0 |        0 |               1,3 |
 js/components/Page                         |     51.7 |    64.58 |    57.04 |    51.95 |                   |
  CollectionPage.jsx                        |        0 |      100 |        0 |        0 |   1,2,3,4,5,7,106 |
  CollectionPageDOM.jsx                     |        0 |        0 |        0 |        0 |... 37,42,44,45,46 |
  ConsonantPageDOM.jsx                      |        0 |        0 |        0 |        0 |... 34,35,36,37,41 |
  ConsonantWrapper.jsx                      |     68.7 |    67.39 |    60.16 |     72.2 |... 59,760,761,763 |
  SearchPage.jsx                            |        0 |      100 |        0 |        0 |           1,2,3,5 |
  SearchPageDOM.jsx                         |        0 |        0 |        0 |        0 |... 37,42,44,45,46 |
 js/components/Personalize                  |    82.86 |       60 |    90.91 |    84.85 |                   |
  Personalize.jsx                           |    82.86 |       60 |    90.91 |    84.85 |    21,60,61,67,81 |
 js/components/_old_ConsonantCardCollection |        0 |        0 |        0 |        0 |                   |
  Card.jsx                                  |        0 |      100 |        0 |        0 |  2,3,7,8,19,35,42 |
  Collection.jsx                            |        0 |        0 |        0 |        0 |... 33,156,162,171 |
  DAO.jsx                                   |        0 |      100 |        0 |        0 |... 38,239,240,243 |
 js/utils                                   |      100 |      100 |      100 |      100 |                   |
  parseToPrimitive.js                       |      100 |      100 |      100 |      100 |                   |
--------------------------------------------|----------|----------|----------|----------|-------------------|
